2025-12-28 14:26:41,487 - __main__ - INFO - 开始ETL干运行测试...
2025-12-28 14:26:41,488 - __main__ - INFO - 1. 测试配置加载...
2025-12-28 14:26:41,493 - __main__ - INFO - ✅ 配置加载成功
2025-12-28 14:26:41,494 - __main__ - INFO - 2. 模拟Snowflake连接测试...
2025-12-28 14:26:41,496 - src.etl.snowflake_loader - INFO - 正在连接到 Snowflake: test-account
2025-12-28 14:26:41,497 - src.etl.snowflake_loader - ERROR - 连接时发生意外错误: 'Mock' object is not subscriptable
2025-12-28 14:26:41,497 - __main__ - ERROR - ❌ Snowflake连接测试失败
2025-12-28 14:26:52,952 - __main__ - INFO - 开始ETL干运行测试...
2025-12-28 14:26:52,952 - __main__ - INFO - 1. 测试配置加载...
2025-12-28 14:26:52,957 - __main__ - INFO - ✅ 配置加载成功
2025-12-28 14:26:52,958 - __main__ - INFO - 2. 模拟Snowflake连接测试...
2025-12-28 14:26:52,959 - src.etl.snowflake_loader - INFO - 正在连接到 Snowflake: test-account
2025-12-28 14:26:52,960 - src.etl.snowflake_loader - ERROR - 连接时发生意外错误: 'Mock' object is not subscriptable
2025-12-28 14:26:52,960 - __main__ - ERROR - ❌ Snowflake连接测试失败
2025-12-28 14:28:14,649 - __main__ - INFO - 开始ETL干运行测试...
2025-12-28 14:28:14,649 - __main__ - INFO - 1. 测试配置加载...
2025-12-28 14:28:14,654 - __main__ - INFO - ✅ 配置加载成功
2025-12-28 14:28:14,655 - __main__ - INFO - 2. 模拟Snowflake连接测试...
2025-12-28 14:28:14,658 - __main__ - INFO - ✅ Snowflake连接测试通过（模拟）
2025-12-28 14:28:14,659 - __main__ - INFO - 3. 模拟PostgreSQL连接测试...
2025-12-28 14:28:14,661 - __main__ - INFO - ✅ PostgreSQL连接测试通过（模拟）
2025-12-28 14:28:14,662 - __main__ - INFO - 4. 模拟增量同步流程...
2025-12-28 14:28:14,665 - __main__ - INFO - ✅ 增量同步流程测试通过（模拟）
2025-12-28 14:28:14,665 - __main__ - INFO - 🎉 所有干运行测试通过！
2025-12-28 14:30:26,990 - __main__ - INFO - 开始ETL干运行测试...
2025-12-28 14:30:26,990 - __main__ - INFO - 1. 测试配置加载...
2025-12-28 14:30:26,994 - __main__ - INFO - ✅ 配置加载成功
2025-12-28 14:30:26,995 - __main__ - INFO - 2. 模拟Snowflake连接测试...
2025-12-28 14:30:26,998 - __main__ - INFO - ✅ Snowflake连接测试通过（模拟）
2025-12-28 14:30:26,998 - __main__ - INFO - 3. 模拟PostgreSQL连接测试...
2025-12-28 14:30:27,000 - __main__ - INFO - ✅ PostgreSQL连接测试通过（模拟）
2025-12-28 14:30:27,000 - __main__ - INFO - 4. 模拟增量同步流程...
2025-12-28 14:30:27,003 - __main__ - INFO - ✅ 增量同步流程测试通过（模拟）
2025-12-28 14:30:27,004 - __main__ - INFO - 🎉 所有干运行测试通过！
2025-12-28 14:30:38,054 - __main__ - INFO - 开始ETL干运行测试...
2025-12-28 14:30:38,055 - __main__ - INFO - 1. 测试配置加载...
2025-12-28 14:30:38,058 - __main__ - INFO - ✅ 配置加载成功
2025-12-28 14:30:38,059 - __main__ - INFO - 2. 模拟Snowflake连接测试...
2025-12-28 14:30:38,061 - __main__ - INFO - ✅ Snowflake连接测试通过（模拟）
2025-12-28 14:30:38,061 - __main__ - INFO - 3. 模拟PostgreSQL连接测试...
2025-12-28 14:30:38,063 - __main__ - INFO - ✅ PostgreSQL连接测试通过（模拟）
2025-12-28 14:30:38,063 - __main__ - INFO - 4. 模拟增量同步流程...
2025-12-28 14:30:38,067 - __main__ - INFO - ✅ 增量同步流程测试通过（模拟）
2025-12-28 14:30:38,067 - __main__ - INFO - 🎉 所有干运行测试通过！
